ERROR:root:Error while getting data from URL, Please try again with different URL
ERROR:root:Error at ID 13with birthday 29/072006
ERROR:root:Error at ID 27with birthday 23/23/2007
ERROR:root:Error at ID 30with birthday 1411/1997
ERROR:root:Error at ID 47with birthday 11/11/19895
ERROR:root:Error at ID 48with birthday 44/01/1972
ERROR:root:Error at ID 67with birthday 29*06*1988
ERROR:root:Error at ID 71with birthday 00/10/1995
ERROR:root:Error at ID 78with birthday 25/19/1998
ERROR:root:Error at ID 87with birthday 09-08-2003
ERROR:root:Error at ID 93with birthday 22//01//2013
ERROR:root:Error while getting data from URL, Please try again with different URL
ERROR:root:Error at ID 13 with birthday 29/072006
ERROR:root:Error at ID 27 with birthday 23/23/2007
ERROR:root:Error at ID 30 with birthday 1411/1997
ERROR:root:Error at ID 47 with birthday 11/11/19895
ERROR:root:Error at ID 48 with birthday 44/01/1972
ERROR:root:Error at ID 67 with birthday 29*06*1988
ERROR:root:Error at ID 71 with birthday 00/10/1995
ERROR:root:Error at ID 78 with birthday 25/19/1998
ERROR:root:Error at ID 87 with birthday 09-08-2003
ERROR:root:Error at ID 93 with birthday 22//01//2013
ERROR:root:Error at ID 13 with birthday 29/072006
ERROR:root:Error at ID 27 with birthday 23/23/2007
ERROR:root:Error at ID 30 with birthday 1411/1997
ERROR:root:Error at ID 47 with birthday 11/11/19895
ERROR:root:Error at ID 48 with birthday 44/01/1972
ERROR:root:Error at ID 67 with birthday 29*06*1988
ERROR:root:Error at ID 71 with birthday 00/10/1995
ERROR:root:Error at ID 78 with birthday 25/19/1998
ERROR:root:Error at ID 87 with birthday 09-08-2003
ERROR:root:Error at ID 93 with birthday 22//01//2013
ERROR:root:Error while getting data from URL, Please try again with different URL
